<?xml version="1.0" encoding="UTF-8"?>
<testsuite xmlns:xsi="http://www.w3.org/2001/XMLSchema-instance" xsi:noNamespaceSchemaLocation="https://maven.apache.org/surefire/maven-surefire-plugin/xsd/surefire-test-report.xsd" name="com.irurueta.units.TimeFormatterTest" time="0.033" tests="40" errors="0" skipped="0" failures="0">
  <properties>
    <property name="gopherProxySet" value="false"/>
    <property name="awt.toolkit" value="sun.lwawt.macosx.LWCToolkit"/>
    <property name="file.encoding.pkg" value="sun.io"/>
    <property name="java.specification.version" value="1.8"/>
    <property name="sun.cpu.isalist" value=""/>
    <property name="sun.jnu.encoding" value="UTF-8"/>
    <property name="java.class.path" value="/Users/albertoirurueta/irurueta2/common/irurueta-units/target/test-classes:/Users/albertoirurueta/irurueta2/common/irurueta-units/target/classes:/Users/albertoirurueta/.m2/repository/junit/junit/4.11/junit-4.11.jar:/Users/albertoirurueta/.m2/repository/org/hamcrest/hamcrest-core/1.3/hamcrest-core-1.3.jar:/Users/albertoirurueta/.m2/repository/org/mockito/mockito-core/2.12.0/mockito-core-2.12.0.jar:/Users/albertoirurueta/.m2/repository/net/bytebuddy/byte-buddy/1.7.9/byte-buddy-1.7.9.jar:/Users/albertoirurueta/.m2/repository/net/bytebuddy/byte-buddy-agent/1.7.9/byte-buddy-agent-1.7.9.jar:/Users/albertoirurueta/.m2/repository/org/objenesis/objenesis/2.6/objenesis-2.6.jar:"/>
    <property name="java.vm.vendor" value="Oracle Corporation"/>
    <property name="sun.arch.data.model" value="64"/>
    <property name="java.vendor.url" value="http://java.oracle.com/"/>
    <property name="user.timezone" value=""/>
    <property name="java.vm.specification.version" value="1.8"/>
    <property name="os.name" value="Mac OS X"/>
    <property name="user.country" value="ES"/>
    <property name="sun.java.launcher" value="SUN_STANDARD"/>
    <property name="sun.boot.library.path" value="/Library/Java/JavaVirtualMachines/jdk1.8.0_152.jdk/Contents/Home/jre/lib"/>
    <property name="sun.java.command" value="/Users/albertoirurueta/irurueta2/common/irurueta-units/target/surefire/surefirebooter227297135954620109.jar /Users/albertoirurueta/irurueta2/common/irurueta-units/target/surefire 2018-07-24T13-28-26_903-jvmRun1 surefire240007634945796245tmp surefire_05471588731707235798tmp"/>
    <property name="surefire.test.class.path" value="/Users/albertoirurueta/irurueta2/common/irurueta-units/target/test-classes:/Users/albertoirurueta/irurueta2/common/irurueta-units/target/classes:/Users/albertoirurueta/.m2/repository/junit/junit/4.11/junit-4.11.jar:/Users/albertoirurueta/.m2/repository/org/hamcrest/hamcrest-core/1.3/hamcrest-core-1.3.jar:/Users/albertoirurueta/.m2/repository/org/mockito/mockito-core/2.12.0/mockito-core-2.12.0.jar:/Users/albertoirurueta/.m2/repository/net/bytebuddy/byte-buddy/1.7.9/byte-buddy-1.7.9.jar:/Users/albertoirurueta/.m2/repository/net/bytebuddy/byte-buddy-agent/1.7.9/byte-buddy-agent-1.7.9.jar:/Users/albertoirurueta/.m2/repository/org/objenesis/objenesis/2.6/objenesis-2.6.jar:"/>
    <property name="sun.cpu.endian" value="little"/>
    <property name="user.home" value="/Users/albertoirurueta"/>
    <property name="user.language" value="es"/>
    <property name="java.specification.vendor" value="Oracle Corporation"/>
    <property name="java.home" value="/Library/Java/JavaVirtualMachines/jdk1.8.0_152.jdk/Contents/Home/jre"/>
    <property name="basedir" value="/Users/albertoirurueta/irurueta2/common/irurueta-units"/>
    <property name="file.separator" value="/"/>
    <property name="line.separator" value="&#10;"/>
    <property name="java.vm.specification.vendor" value="Oracle Corporation"/>
    <property name="java.specification.name" value="Java Platform API Specification"/>
    <property name="java.awt.graphicsenv" value="sun.awt.CGraphicsEnvironment"/>
    <property name="surefire.real.class.path" value="/Users/albertoirurueta/irurueta2/common/irurueta-units/target/surefire/surefirebooter227297135954620109.jar:/Users/albertoirurueta/.m2/repository/org/jacoco/org.jacoco.agent/0.7.9/org.jacoco.agent-0.7.9-runtime.jar"/>
    <property name="sun.boot.class.path" value="/Library/Java/JavaVirtualMachines/jdk1.8.0_152.jdk/Contents/Home/jre/lib/resources.jar:/Library/Java/JavaVirtualMachines/jdk1.8.0_152.jdk/Contents/Home/jre/lib/rt.jar:/Library/Java/JavaVirtualMachines/jdk1.8.0_152.jdk/Contents/Home/jre/lib/sunrsasign.jar:/Library/Java/JavaVirtualMachines/jdk1.8.0_152.jdk/Contents/Home/jre/lib/jsse.jar:/Library/Java/JavaVirtualMachines/jdk1.8.0_152.jdk/Contents/Home/jre/lib/jce.jar:/Library/Java/JavaVirtualMachines/jdk1.8.0_152.jdk/Contents/Home/jre/lib/charsets.jar:/Library/Java/JavaVirtualMachines/jdk1.8.0_152.jdk/Contents/Home/jre/lib/jfr.jar:/Library/Java/JavaVirtualMachines/jdk1.8.0_152.jdk/Contents/Home/jre/classes"/>
    <property name="sun.management.compiler" value="HotSpot 64-Bit Tiered Compilers"/>
    <property name="java.runtime.version" value="1.8.0_152-b16"/>
    <property name="user.name" value="albertoirurueta"/>
    <property name="path.separator" value=":"/>
    <property name="os.version" value="10.13.6"/>
    <property name="java.endorsed.dirs" value="/Library/Java/JavaVirtualMachines/jdk1.8.0_152.jdk/Contents/Home/jre/lib/endorsed"/>
    <property name="java.runtime.name" value="Java(TM) SE Runtime Environment"/>
    <property name="file.encoding" value="UTF-8"/>
    <property name="java.vm.name" value="Java HotSpot(TM) 64-Bit Server VM"/>
    <property name="localRepository" value="/Users/albertoirurueta/.m2/repository"/>
    <property name="java.vendor.url.bug" value="http://bugreport.sun.com/bugreport/"/>
    <property name="java.io.tmpdir" value="/var/folders/77/53tq0pm503bgl8sxdmhdwpwr0000gn/T/"/>
    <property name="idea.version" value="2018.1"/>
    <property name="java.version" value="1.8.0_152"/>
    <property name="user.dir" value="/Users/albertoirurueta/irurueta2/common/irurueta-units"/>
    <property name="os.arch" value="x86_64"/>
    <property name="java.vm.specification.name" value="Java Virtual Machine Specification"/>
    <property name="java.awt.printerjob" value="sun.lwawt.macosx.CPrinterJob"/>
    <property name="user.language.format" value="en"/>
    <property name="sun.os.patch.level" value="unknown"/>
    <property name="java.library.path" value="/Users/albertoirurueta/Library/Java/Extensions:/Library/Java/Extensions:/Network/Library/Java/Extensions:/System/Library/Java/Extensions:/usr/lib/java:."/>
    <property name="java.vm.info" value="mixed mode"/>
    <property name="java.vendor" value="Oracle Corporation"/>
    <property name="java.vm.version" value="25.152-b16"/>
    <property name="java.ext.dirs" value="/Users/albertoirurueta/Library/Java/Extensions:/Library/Java/JavaVirtualMachines/jdk1.8.0_152.jdk/Contents/Home/jre/lib/ext:/Library/Java/Extensions:/Network/Library/Java/Extensions:/System/Library/Java/Extensions:/usr/lib/java"/>
    <property name="sun.io.unicode.encoding" value="UnicodeBig"/>
    <property name="java.class.version" value="52.0"/>
  </properties>
  <testcase name="testFormatAndConvertNumber" classname="com.irurueta.units.TimeFormatterTest" time="0"/>
  <testcase name="testGetSetMinimumFractionDigits" classname="com.irurueta.units.TimeFormatterTest" time="0"/>
  <testcase name="testFormatDouble" classname="com.irurueta.units.TimeFormatterTest" time="0"/>
  <testcase name="testIsMetricUnit" classname="com.irurueta.units.TimeFormatterTest" time="0"/>
  <testcase name="testFormatAndConvertTimeAndUnitSystem" classname="com.irurueta.units.TimeFormatterTest" time="0"/>
  <testcase name="testGetUnitSystemFromSource" classname="com.irurueta.units.TimeFormatterTest" time="0.001"/>
  <testcase name="testFormatNumber" classname="com.irurueta.units.TimeFormatterTest" time="0"/>
  <testcase name="testFormatHourMinute" classname="com.irurueta.units.TimeFormatterTest" time="0.002"/>
  <testcase name="testClone" classname="com.irurueta.units.TimeFormatterTest" time="0"/>
  <testcase name="testParse" classname="com.irurueta.units.TimeFormatterTest" time="0.001"/>
  <testcase name="testGetAvailableLocales" classname="com.irurueta.units.TimeFormatterTest" time="0"/>
  <testcase name="testParseHourMinute" classname="com.irurueta.units.TimeFormatterTest" time="0.001"/>
  <testcase name="testFormatMultiple" classname="com.irurueta.units.TimeFormatterTest" time="0.003"/>
  <testcase name="testIsValidUnit" classname="com.irurueta.units.TimeFormatterTest" time="0"/>
  <testcase name="testGetUnitSymbol" classname="com.irurueta.units.TimeFormatterTest" time="0.001"/>
  <testcase name="testGetUnitSystem" classname="com.irurueta.units.TimeFormatterTest" time="0.001"/>
  <testcase name="testFormatNumberAndStringBuffer" classname="com.irurueta.units.TimeFormatterTest" time="0"/>
  <testcase name="testFormatTime" classname="com.irurueta.units.TimeFormatterTest" time="0"/>
  <testcase name="testIsSetParseIntegerOnly" classname="com.irurueta.units.TimeFormatterTest" time="0"/>
  <testcase name="testFindUnit" classname="com.irurueta.units.TimeFormatterTest" time="0.001"/>
  <testcase name="testGetSetValueAndUnitFormatPattern" classname="com.irurueta.units.TimeFormatterTest" time="0"/>
  <testcase name="testGetSetMinimumIntegerDigits" classname="com.irurueta.units.TimeFormatterTest" time="0"/>
  <testcase name="testFormatAndConvertTime" classname="com.irurueta.units.TimeFormatterTest" time="0.001"/>
  <testcase name="testFormatDoubleAndStringBuffer" classname="com.irurueta.units.TimeFormatterTest" time="0.001"/>
  <testcase name="testHashCode" classname="com.irurueta.units.TimeFormatterTest" time="0"/>
  <testcase name="testFormatTimeAndStringBuffer" classname="com.irurueta.units.TimeFormatterTest" time="0"/>
  <testcase name="testIsSetGroupingUsed" classname="com.irurueta.units.TimeFormatterTest" time="0.001"/>
  <testcase name="testFormatAndConvertDoubleAndUnitSystem" classname="com.irurueta.units.TimeFormatterTest" time="0"/>
  <testcase name="testFormatHourMinuteSecond" classname="com.irurueta.units.TimeFormatterTest" time="0.001"/>
  <testcase name="testEquals" classname="com.irurueta.units.TimeFormatterTest" time="0.001"/>
  <testcase name="testIsValidMeasurement" classname="com.irurueta.units.TimeFormatterTest" time="0"/>
  <testcase name="testFormatAndConvertNumberAndUnitSystem" classname="com.irurueta.units.TimeFormatterTest" time="0.001"/>
  <testcase name="testGetSetMaximumFractionDigits" classname="com.irurueta.units.TimeFormatterTest" time="0"/>
  <testcase name="testGetSetMaximumIntegerDigits" classname="com.irurueta.units.TimeFormatterTest" time="0"/>
  <testcase name="testParseMultiple" classname="com.irurueta.units.TimeFormatterTest" time="0.008"/>
  <testcase name="testGetSetRoundingMode" classname="com.irurueta.units.TimeFormatterTest" time="0"/>
  <testcase name="testFormatAndConvertDouble" classname="com.irurueta.units.TimeFormatterTest" time="0.001"/>
  <testcase name="testConstructor" classname="com.irurueta.units.TimeFormatterTest" time="0"/>
  <testcase name="testParseHourMinuteSecond" classname="com.irurueta.units.TimeFormatterTest" time="0.002"/>
  <testcase name="testFormatMultipleIncludingZeroValues" classname="com.irurueta.units.TimeFormatterTest" time="0.004"/>
</testsuite>